<?xml version="1.0" encoding="UTF-8"?>
<!-- Generated by org.testng.reporters.JUnitReportReporter -->
<testsuite skipped="0" hostname="ip-172-31-11-193" name="test.testcase1" tests="1" failures="0" timestamp="2021-02-24T04:25:51 UTC" time="4.908" errors="0">
  <testcase name="Logintest" time="4.908" classname="test.testcase1"/>
  <system-out/>
</testsuite> <!-- test.testcase1 -->
